This file contains any messages produced by compilers while
running configure, to aid debugging if configure makes a mistake.

It was created by fireflies configure 2.07, which was
generated by GNU Autoconf 2.59.  Invocation command line was

  $ ./configure 

## --------- ##
## Platform. ##
## --------- ##

hostname = Gigabyte
uname -m = x86_64
uname -r = 2.0.1(0.287/5/3)
uname -s = CYGWIN_NT-6.3
uname -v = 2015-04-30 18:15

/usr/bin/uname -p = unknown
/bin/uname -X     = unknown

/bin/arch              = x86_64
/usr/bin/arch -k       = unknown
/usr/convex/getsysinfo = unknown
hostinfo               = unknown
/bin/machine           = unknown
/usr/bin/oslevel       = unknown
/bin/universe          = unknown

PATH: /usr/local/bin
PATH: /usr/bin
PATH: /cygdrive/c/ProgramData/Oracle/Java/javapath
PATH: /cygdrive/c/Program Files (x86)/NVIDIA Corporation/PhysX/Common
PATH: /cygdrive/c/Program Files (x86)/Intel/iCLS Client
PATH: /cygdrive/c/Program Files/Intel/iCLS Client
PATH: /cygdrive/c/WINDOWS/system32
PATH: /cygdrive/c/WINDOWS
PATH: /cygdrive/c/WINDOWS/System32/Wbem
PATH: /cygdrive/c/WINDOWS/System32/WindowsPowerShell/v1.0
PATH: /cygdrive/c/Program Files/Intel/Intel(R) Management Engine Components/DAL
PATH: /cygdrive/c/Program Files/Intel/Intel(R) Management Engine Components/IPT
PATH: /cygdrive/c/Program Files (x86)/Intel/Intel(R) Management Engine Components/DAL
PATH: /cygdrive/c/Program Files (x86)/Intel/Intel(R) Management Engine Components/IPT
PATH: /cygdrive/c/Program Files (x86)/Intel/OpenCL SDK/3.0/bin/x86
PATH: /cygdrive/c/Program Files (x86)/Intel/OpenCL SDK/3.0/bin/x64
PATH: /cygdrive/c/Program Files/Intel/WiFi/bin
PATH: /cygdrive/c/Program Files/Common Files/Intel/WirelessCommon
PATH: /cygdrive/c/Program Files/nodejs
PATH: /cygdrive/c/Users/mp/AppData/Roaming/npm
PATH: /cygdrive/c/Babun/.babun


## ----------- ##
## Core tests. ##
## ----------- ##

configure:1342: checking for g++
configure:1371: result: no
configure:1342: checking for c++
configure:1371: result: no
configure:1342: checking for gpp
configure:1371: result: no
configure:1342: checking for aCC
configure:1371: result: no
configure:1342: checking for CC
configure:1371: result: no
configure:1342: checking for cxx
configure:1371: result: no
configure:1342: checking for cc++
configure:1371: result: no
configure:1342: checking for cl
configure:1371: result: no
configure:1342: checking for FCC
configure:1371: result: no
configure:1342: checking for KCC
configure:1371: result: no
configure:1342: checking for RCC
configure:1371: result: no
configure:1342: checking for xlC_r
configure:1371: result: no
configure:1342: checking for xlC
configure:1371: result: no
configure:1384: checking for C++ compiler version
configure:1387: g++ --version </dev/null >&5
./configure: line 1388: g++: command not found
configure:1390: $? = 127
configure:1392: g++ -v </dev/null >&5
./configure: line 1393: g++: command not found
configure:1395: $? = 127
configure:1397: g++ -V </dev/null >&5
./configure: line 1398: g++: command not found
configure:1400: $? = 127
configure:1423: checking for C++ compiler default output file name
configure:1426: g++    conftest.cc  >&5
./configure: line 1427: g++: command not found
configure:1429: $? = 127
configure: failed program was:
| /* confdefs.h.  */
| 
| #define PACKAGE_NAME "fireflies"
| #define PACKAGE_TARNAME "fireflies"
| #define PACKAGE_VERSION "2.07"
| #define PACKAGE_STRING "fireflies 2.07"
| #define PACKAGE_BUGREPORT "mpcomplete@gmail.com"
| /* end confdefs.h.  */
| 
| int
| main ()
| {
| 
|   ;
|   return 0;
| }
configure:1468: error: C++ compiler cannot create executables
See `config.log' for more details.

## ---------------- ##
## Cache variables. ##
## ---------------- ##

ac_cv_env_CC_set=
ac_cv_env_CC_value=
ac_cv_env_CFLAGS_set=
ac_cv_env_CFLAGS_value=
ac_cv_env_CPPFLAGS_set=
ac_cv_env_CPPFLAGS_value=
ac_cv_env_CXXFLAGS_set=
ac_cv_env_CXXFLAGS_value=
ac_cv_env_CXX_set=
ac_cv_env_CXX_value=
ac_cv_env_LDFLAGS_set=
ac_cv_env_LDFLAGS_value=
ac_cv_env_build_alias_set=
ac_cv_env_build_alias_value=
ac_cv_env_host_alias_set=
ac_cv_env_host_alias_value=
ac_cv_env_target_alias_set=
ac_cv_env_target_alias_value=

## ----------------- ##
## Output variables. ##
## ----------------- ##

BINDIR=''
CC=''
CFLAGS=''
CONFDIR=''
CPPFLAGS=''
CXX='g++'
CXXFLAGS=''
DEFS=''
ECHO_C=''
ECHO_N='-n'
ECHO_T=''
EXEEXT=''
GL_LIBS=''
INSTALL_DATA=''
INSTALL_PROGRAM=''
INSTALL_SCRIPT=''
LDFLAGS=''
LIBOBJS=''
LIBS=''
LTLIBOBJS=''
OBJEXT=''
OPT_LIBS=''
OPT_OBJS=''
PACKAGE_BUGREPORT='mpcomplete@gmail.com'
PACKAGE_NAME='fireflies'
PACKAGE_STRING='fireflies 2.07'
PACKAGE_TARNAME='fireflies'
PACKAGE_VERSION='2.07'
PATH_SEPARATOR=':'
PROGRAM=''
RCFILE=''
SDL_CFLAGS=''
SDL_CONF=''
SDL_LIBS=''
SHELL='/bin/sh'
ac_ct_CC=''
ac_ct_CXX='g++'
bindir='${exec_prefix}/bin'
build_alias=''
datadir='${prefix}/share'
exec_prefix='NONE'
host_alias=''
includedir='${prefix}/include'
infodir='${prefix}/info'
libdir='${exec_prefix}/lib'
libexecdir='${exec_prefix}/libexec'
localstatedir='${prefix}/var'
mandir='${prefix}/man'
oldincludedir='/usr/include'
prefix='NONE'
program_transform_name='s,x,x,'
sbindir='${exec_prefix}/sbin'
sharedstatedir='${prefix}/com'
sysconfdir='${prefix}/etc'
target_alias=''

## ----------- ##
## confdefs.h. ##
## ----------- ##

#define PACKAGE_BUGREPORT "mpcomplete@gmail.com"
#define PACKAGE_NAME "fireflies"
#define PACKAGE_STRING "fireflies 2.07"
#define PACKAGE_TARNAME "fireflies"
#define PACKAGE_VERSION "2.07"

configure: exit 77
