This file contains any messages produced by compilers while
running configure, to aid debugging if configure makes a mistake.

It was created by configure, which was
generated by GNU Autoconf 2.52.  Invocation command line was

  $ ./configure 

## ---------- ##
## Platform.  ##
## ---------- ##

hostname = nomad
uname -m = i686
uname -r = 2.4.21
uname -s = Linux
uname -v = #14 Wed Sep 3 21:25:32 CDT 2003

/usr/bin/uname -p = unknown
/bin/uname -X     = unknown

/bin/arch              = i686
/usr/bin/arch -k       = unknown
/usr/convex/getsysinfo = unknown
hostinfo               = unknown
/bin/machine           = unknown
/usr/bin/oslevel       = unknown
/bin/universe          = unknown

PATH = /usr/kerberos/bin:/usr/local/sbin:/usr/sbin:/sbin:/usr/local/bin:/usr/bin:/bin:/usr/bin/X11:/usr/games:/usr/X11R6/bin:/home/guy/bin:/usr/java/j2sdk1.4.0_02/bin/:/home/guy/bin

## ------------ ##
## Core tests.  ##
## ------------ ##

configure:941: PATH=".;."; conftest.sh
./configure: line 942: conftest.sh: command not found
configure:944: $? = 127
configure:1033: checking for gcc
configure:1048: found /usr/bin/gcc
configure:1056: result: gcc
configure:1284: checking for C compiler version
configure:1287: gcc --version </dev/null >&5
gcc (GCC) 3.3.2 (Debian)
Copyright (C) 2003 Free Software Foundation, Inc.
This is free software; see the source for copying conditions.  There is NO
warranty; not even for MERCHANTABILITY or FITNESS FOR A PARTICULAR PURPOSE.

configure:1290: $? = 0
configure:1292: gcc -v </dev/null >&5
Reading specs from /usr/lib/gcc-lib/i486-linux/3.3.2/specs
Configured with: ../src/configure -v --enable-languages=c,c++,java,f77,pascal,objc,ada,treelang --prefix=/usr --mandir=/usr/share/man --infodir=/usr/share/info --with-gxx-include-dir=/usr/include/c++/3.3 --enable-shared --with-system-zlib --enable-nls --without-included-gettext --enable-__cxa_atexit --enable-clocale=gnu --enable-debug --enable-java-gc=boehm --enable-java-awt=xlib --enable-objc-gc i486-linux
Thread model: posix
gcc version 3.3.2 (Debian)
configure:1295: $? = 0
configure:1297: gcc -V </dev/null >&5
gcc: `-V' option must have argument
configure:1300: $? = 1
configure:1320: checking for C compiler default output
configure:1323: gcc    conftest.c  >&5
configure:1326: $? = 0
configure:1355: result: a.out
configure:1360: checking whether the C compiler works
configure:1366: ./a.out
configure:1369: $? = 0
configure:1384: result: yes
configure:1391: checking whether we are cross compiling
configure:1393: result: no
configure:1396: checking for executable suffix
configure:1398: gcc -o conftest    conftest.c  >&5
configure:1401: $? = 0
configure:1423: result: 
configure:1429: checking for object suffix
configure:1447: gcc -c   conftest.c >&5
configure:1450: $? = 0
configure:1469: result: o
configure:1473: checking whether we are using the GNU C compiler
configure:1494: gcc -c   conftest.c >&5
configure:1497: $? = 0
configure:1500: test -s conftest.o
configure:1503: $? = 0
configure:1515: result: yes
configure:1521: checking whether gcc accepts -g
configure:1539: gcc -c -g  conftest.c >&5
configure:1542: $? = 0
configure:1545: test -s conftest.o
configure:1548: $? = 0
configure:1558: result: yes
configure:1585: gcc -c -g -O2  conftest.c >&5
conftest.c:2: error: parse error before "me"
configure:1588: $? = 1
configure: failed program was:
#ifndef __cplusplus
  choke me
#endif
configure:1691: checking how to run the C preprocessor
configure:1717: gcc -E  conftest.c
configure:1723: $? = 0
configure:1750: gcc -E  conftest.c
configure:1747:28: ac_nonexistent.h: No such file or directory
configure:1756: $? = 1
configure: failed program was:
#line 1746 "configure"
#include "confdefs.h"
#include <ac_nonexistent.h>
configure:1793: result: gcc -E
configure:1808: gcc -E  conftest.c
configure:1814: $? = 0
configure:1841: gcc -E  conftest.c
configure:1838:28: ac_nonexistent.h: No such file or directory
configure:1847: $? = 1
configure: failed program was:
#line 1837 "configure"
#include "confdefs.h"
#include <ac_nonexistent.h>
configure:1935: checking for g++
configure:1950: found /usr/bin/g++
configure:1958: result: g++
configure:1973: checking for C++ compiler version
configure:1976: g++ --version </dev/null >&5
g++ (GCC) 3.3.2 (Debian)
Copyright (C) 2003 Free Software Foundation, Inc.
This is free software; see the source for copying conditions.  There is NO
warranty; not even for MERCHANTABILITY or FITNESS FOR A PARTICULAR PURPOSE.

configure:1979: $? = 0
configure:1981: g++ -v </dev/null >&5
Reading specs from /usr/lib/gcc-lib/i486-linux/3.3.2/specs
Configured with: ../src/configure -v --enable-languages=c,c++,java,f77,pascal,objc,ada,treelang --prefix=/usr --mandir=/usr/share/man --infodir=/usr/share/info --with-gxx-include-dir=/usr/include/c++/3.3 --enable-shared --with-system-zlib --enable-nls --without-included-gettext --enable-__cxa_atexit --enable-clocale=gnu --enable-debug --enable-java-gc=boehm --enable-java-awt=xlib --enable-objc-gc i486-linux
Thread model: posix
gcc version 3.3.2 (Debian)
configure:1984: $? = 0
configure:1986: g++ -V </dev/null >&5
g++: `-V' option must have argument
configure:1989: $? = 1
configure:1992: checking whether we are using the GNU C++ compiler
configure:2013: g++ -c   conftest.cc >&5
configure:2016: $? = 0
configure:2019: test -s conftest.o
configure:2022: $? = 0
configure:2034: result: yes
configure:2040: checking whether g++ accepts -g
configure:2058: g++ -c -g  conftest.cc >&5
configure:2061: $? = 0
configure:2064: test -s conftest.o
configure:2067: $? = 0
configure:2077: result: yes
configure:2117: g++ -c -g -O2  conftest.cc >&5
configure:2120: $? = 0
configure:2123: test -s conftest.o
configure:2126: $? = 0
configure:2148: g++ -c -g -O2  conftest.cc >&5
configure: In function `int main()':
configure:2141: error: `exit' undeclared (first use this function)
configure:2141: error: (Each undeclared identifier is reported only once for 
   each function it appears in.)
configure:2151: $? = 1
configure: failed program was:
#line 2136 "configure"
#include "confdefs.h"

int
main ()
{
exit (42);
  ;
  return 0;
}
configure:2117: g++ -c -g -O2  conftest.cc >&5
configure:2120: $? = 0
configure:2123: test -s conftest.o
configure:2126: $? = 0
configure:2148: g++ -c -g -O2  conftest.cc >&5
configure:2151: $? = 0
configure:2154: test -s conftest.o
configure:2157: $? = 0
configure:2184: checking how to run the C++ preprocessor
configure:2206: g++ -E  conftest.cc
configure:2212: $? = 0
configure:2239: g++ -E  conftest.cc
configure:2236:28: ac_nonexistent.h: No such file or directory
configure:2245: $? = 1
configure: failed program was:
#line 2235 "configure"
#include "confdefs.h"
#include <ac_nonexistent.h>
configure:2282: result: g++ -E
configure:2297: g++ -E  conftest.cc
configure:2303: $? = 0
configure:2330: g++ -E  conftest.cc
configure:2327:28: ac_nonexistent.h: No such file or directory
configure:2336: $? = 1
configure: failed program was:
#line 2326 "configure"
#include "confdefs.h"
#include <ac_nonexistent.h>
configure:2413: checking for ranlib
configure:2428: found /usr/bin/ranlib
configure:2437: result: ranlib
configure:2457: checking for rm
configure:2474: found /bin/rm
configure:2485: result: /bin/rm
configure:2494: checking for fltk-config
configure:2518: result: :
configure:2533: checking for sqrt in -lm
configure:2560: g++ -o conftest -g -O2   conftest.cc -lm   >&5
configure:2563: $? = 0
configure:2566: test -s conftest
configure:2569: $? = 0
configure:2580: result: yes
configure:2598: checking for zlibVersion in -lz
configure:2625: g++ -o conftest -g -O2   conftest.cc -lz  -lm  >&5
configure:2628: $? = 0
configure:2631: test -s conftest
configure:2634: $? = 0
configure:2645: result: yes
configure:2655: checking for jpeg_start_compress in -ljpeg
configure:2682: g++ -o conftest -g -O2   conftest.cc -ljpeg  -lz -lm  >&5
configure:2685: $? = 0
configure:2688: test -s conftest
configure:2691: $? = 0
configure:2702: result: yes
configure:2712: checking for TIFFOpen in -ltiff
configure:2739: g++ -o conftest -g -O2   conftest.cc -ltiff  -lz -ljpeg -lm  >&5
configure:2742: $? = 0
configure:2745: test -s conftest
configure:2748: $? = 0
configure:2759: result: yes
configure:2769: checking for png_read_image in -lpng
configure:2796: g++ -o conftest -g -O2   conftest.cc -lpng  -lz -ljpeg -ltiff -lm  >&5
configure:2799: $? = 0
configure:2802: test -s conftest
configure:2805: $? = 0
configure:2816: result: yes
configure:2866: checking for X
configure:3075: result: libraries /usr/X11R6/lib, headers /usr/X11R6/include
configure:3214: g++ -o conftest -g -O2   conftest.cc -lm   -L/usr/X11R6/lib -lX11 >&5
configure:3217: $? = 0
configure:3220: test -s conftest
configure:3223: $? = 0
configure:3349: checking for gethostbyname
configure:3386: g++ -o conftest -g -O2   conftest.cc -lm  >&5
configure:3389: $? = 0
configure:3392: test -s conftest
configure:3395: $? = 0
configure:3405: result: yes
configure:3526: checking for connect
configure:3563: g++ -o conftest -g -O2   conftest.cc -lm  >&5
configure:3566: $? = 0
configure:3569: test -s conftest
configure:3572: $? = 0
configure:3582: result: yes
configure:3642: checking for remove
configure:3679: g++ -o conftest -g -O2   conftest.cc -lm  >&5
configure:3682: $? = 0
configure:3685: test -s conftest
configure:3688: $? = 0
configure:3698: result: yes
configure:3758: checking for shmat
configure:3795: g++ -o conftest -g -O2   conftest.cc -lm  >&5
configure:3798: $? = 0
configure:3801: test -s conftest
configure:3804: $? = 0
configure:3814: result: yes
configure:3883: checking for IceConnectionNumber in -lICE
configure:3910: g++ -o conftest -g -O2   -L/usr/X11R6/lib conftest.cc -lICE  -lm  >&5
configure:3913: $? = 0
configure:3916: test -s conftest
configure:3919: $? = 0
configure:3930: result: yes
configure:3950: checking for glBegin in -lGL
configure:3977: g++ -o conftest -g -O2  -I/usr/X11R6/include    -L/usr/X11R6/lib conftest.cc -lGL -lX11 -lXext   -lSM -lICE -lX11  -lm  >&5
configure:3980: $? = 0
configure:3983: test -s conftest
configure:3986: $? = 0
configure:3997: result: yes
configure:4069: checking for glPolygonOffset
configure:4106: g++ -o conftest -g -O2  -I/usr/X11R6/include    -L/usr/X11R6/lib conftest.cc -lGL -lGLU -lX11 -lXext  >&5
configure:4109: $? = 0
configure:4112: test -s conftest
configure:4115: $? = 0
configure:4125: result: yes
configure:4134: checking for glPolygonOffsetEXT
configure:4171: g++ -o conftest -g -O2  -I/usr/X11R6/include    -L/usr/X11R6/lib conftest.cc -lGL -lGLU -lX11 -lXext  >&5
configure:4174: $? = 0
configure:4177: test -s conftest
configure:4180: $? = 0
configure:4190: result: yes
configure:4204: checking for FLTK library
configure:4221: g++ -o conftest -g -O2  -I/usr/X11R6/include    -L/usr/X11R6/lib conftest.cc -lfltk -lX11 -lXext -lGL -lGLU -lX11 -lXext  >&5
configure:4210:19: FL/Fl.H: No such file or directory
configure: In function `int main()':
configure:4214: error: `Fl' undeclared (first use this function)
configure:4214: error: (Each undeclared identifier is reported only once for 
   each function it appears in.)
configure:4214: error: parse error before `::' token
configure:4224: $? = 1
configure: failed program was:
#line 4209 "configure"
#include "confdefs.h"
#include <FL/Fl.H>
int
main ()
{
Fl::run();
  ;
  return 0;
}
configure:4241: result: no
configure:4248: checking for FLTK GL support
configure:4266: g++ -o conftest -g -O2  -I/usr/X11R6/include    -L/usr/X11R6/lib conftest.cc  -lGL -lGLU -lX11 -lXext -lGL -lGLU -lX11 -lXext  >&5
configure:4254:19: FL/Fl.H: No such file or directory
configure:4255:34: FL/Fl_Gl_Window.H: No such file or directory
configure: In function `int main()':
configure:4259: error: `Fl_Gl_Window' undeclared (first use this function)
configure:4259: error: (Each undeclared identifier is reported only once for 
   each function it appears in.)
configure:4259: error: parse error before `(' token
configure:4269: $? = 1
configure: failed program was:
#line 4253 "configure"
#include "confdefs.h"
#include <FL/Fl.H>
     #include <FL/Fl_Gl_Window.H>
int
main ()
{
Fl_Gl_Window win(640,480);
  ;
  return 0;
}
configure:4302: g++ -o conftest -g -O2  -I/usr/X11R6/include    -L/usr/X11R6/lib conftest.cc -lfltk_gl  -lGL -lGLU -lX11 -lXext -lGL -lGLU -lX11 -lXext  >&5
configure:4290:19: FL/Fl.H: No such file or directory
configure:4291:38: FL/Fl_Gl_Window.H: No such file or directory
configure: In function `int main()':
configure:4295: error: `Fl_Gl_Window' undeclared (first use this function)
configure:4295: error: (Each undeclared identifier is reported only once for 
   each function it appears in.)
configure:4295: error: parse error before `(' token
configure:4305: $? = 1
configure: failed program was:
#line 4289 "configure"
#include "confdefs.h"
#include <FL/Fl.H>
	 #include <FL/Fl_Gl_Window.H>
int
main ()
{
Fl_Gl_Window win(640,480);
  ;
  return 0;
}
configure:4323: result: no
configure:4337: checking for ANSI C header files
configure:4351: g++ -E  conftest.cc
configure:4357: $? = 0
configure:4444: g++ -o conftest -g -O2   conftest.cc -lm  >&5
configure:4447: $? = 0
configure:4449: ./conftest
configure:4452: $? = 0
configure:4465: result: yes
configure:4478: checking for limits.h
configure:4488: g++ -E  conftest.cc
configure:4494: $? = 0
configure:4513: result: yes
configure:4526: checking for unistd.h
configure:4536: g++ -E  conftest.cc
configure:4542: $? = 0
configure:4561: result: yes
configure:4574: checking for GL/glext.h
configure:4584: g++ -E  conftest.cc
configure:4590: $? = 0
configure:4609: result: yes
configure:4622: checking for GL/glxext.h
configure:4632: g++ -E  conftest.cc
configure:4629:23: GL/glxext.h: No such file or directory
configure:4638: $? = 1
configure: failed program was:
#line 4628 "configure"
#include "confdefs.h"
#include <GL/glxext.h>
configure:4657: result: no
configure:4670: checking for GL/wglext.h
configure:4680: g++ -E  conftest.cc
configure:4677:23: GL/wglext.h: No such file or directory
configure:4686: $? = 1
configure: failed program was:
#line 4676 "configure"
#include "confdefs.h"
#include <GL/wglext.h>
configure:4705: result: no
configure:4718: checking for hash_map
configure:4728: g++ -E  conftest.cc
configure:4725:20: hash_map: No such file or directory
configure:4734: $? = 1
configure: failed program was:
#line 4724 "configure"
#include "confdefs.h"
#include <hash_map>
configure:4753: result: no
configure:4766: checking for valarray
configure:4776: g++ -E  conftest.cc
configure:4782: $? = 0
configure:4801: result: yes
configure:4814: checking for sstream
configure:4824: g++ -E  conftest.cc
configure:4830: $? = 0
configure:4849: result: yes
configure:4862: checking for strstream
configure:4872: g++ -E  conftest.cc
In file included from /usr/include/c++/3.3/backward/strstream:51,
                 from configure:4869:
/usr/include/c++/3.3/backward/backward_warning.h:32:2: warning: #warning This file includes at least one deprecated or antiquated header. Please consider using one of the 32 headers found in section 17.4.1.2 of the C++ standard. Examples include substituting the <X> header for the <X.h> header for C++ includes, or <sstream> instead of the deprecated header <strstream.h>. To disable this warning use -Wno-deprecated.
configure:4878: $? = 0
configure:4897: result: yes
configure:4907: checking for gcc option to accept ANSI C
configure:4964: g++ -c -g -O2  conftest.cc >&5
configure:4923: error: `p' was not declared in this scope
configure:4923: error: `i' was not declared in this scope
configure:4924: error: initializer list being treated as compound expression
configure:4924: error: syntax error before `char'
configure:4926: error: parse error before `{' token
configure: In function `int main()':
configure:4947: error: cannot convert `char*' to `char*(*)(char**, int)' for 
   argument `1' to `char* f(char*(*)(char**, int), char**, ...)'
configure:4947: error: cannot convert `char*' to `char*(*)(char**, int)' for 
   argument `1' to `char* f(char*(*)(char**, int), char**, ...)'
configure:4967: $? = 1
configure: failed program was:
#line 4915 "configure"
#include "confdefs.h"
#include <stdarg.h>
#include <stdio.h>
#include <sys/types.h>
#include <sys/stat.h>
/* Most of the following tests are stolen from RCS 5.7's src/conf.sh.  */
struct buf { int x; };
FILE * (*rcsopen) (struct buf *, struct stat *, int);
static char *e (p, i)
     char **p;
     int i;
{
  return p[i];
}
static char *f (char * (*g) (char **, int), char **p, ...)
{
  char *s;
  va_list v;
  va_start (v,p);
  s = g (p, va_arg (v,int));
  va_end (v);
  return s;
}
int test (int i, double x);
struct s1 {int (*f) (int a);};
struct s2 {int (*f) (double a);};
int pairnames (int, char **, FILE *(*)(struct buf *, struct stat *, int), int, int);
int argc;
char **argv;
int
main ()
{
return f (e, argv, 0) != argv[0]  ||  f (e, argv, 1) != argv[1];
  ;
  return 0;
}
configure:4964: g++ -c -g -O2  conftest.cc >&5
configure:4923: error: `p' was not declared in this scope
configure:4923: error: `i' was not declared in this scope
configure:4924: error: initializer list being treated as compound expression
configure:4924: error: syntax error before `char'
configure:4926: error: parse error before `{' token
configure: In function `int main()':
configure:4947: error: cannot convert `char*' to `char*(*)(char**, int)' for 
   argument `1' to `char* f(char*(*)(char**, int), char**, ...)'
configure:4947: error: cannot convert `char*' to `char*(*)(char**, int)' for 
   argument `1' to `char* f(char*(*)(char**, int), char**, ...)'
configure:4967: $? = 1
configure: failed program was:
#line 4915 "configure"
#include "confdefs.h"
#include <stdarg.h>
#include <stdio.h>
#include <sys/types.h>
#include <sys/stat.h>
/* Most of the following tests are stolen from RCS 5.7's src/conf.sh.  */
struct buf { int x; };
FILE * (*rcsopen) (struct buf *, struct stat *, int);
static char *e (p, i)
     char **p;
     int i;
{
  return p[i];
}
static char *f (char * (*g) (char **, int), char **p, ...)
{
  char *s;
  va_list v;
  va_start (v,p);
  s = g (p, va_arg (v,int));
  va_end (v);
  return s;
}
int test (int i, double x);
struct s1 {int (*f) (int a);};
struct s2 {int (*f) (double a);};
int pairnames (int, char **, FILE *(*)(struct buf *, struct stat *, int), int, int);
int argc;
char **argv;
int
main ()
{
return f (e, argv, 0) != argv[0]  ||  f (e, argv, 1) != argv[1];
  ;
  return 0;
}
configure:4964: g++ -c -g -O2  conftest.cc >&5
configure:4923: error: `p' was not declared in this scope
configure:4923: error: `i' was not declared in this scope
configure:4924: error: initializer list being treated as compound expression
configure:4924: error: syntax error before `char'
configure:4926: error: parse error before `{' token
configure: In function `int main()':
configure:4947: error: cannot convert `char*' to `char*(*)(char**, int)' for 
   argument `1' to `char* f(char*(*)(char**, int), char**, ...)'
configure:4947: error: cannot convert `char*' to `char*(*)(char**, int)' for 
   argument `1' to `char* f(char*(*)(char**, int), char**, ...)'
configure:4967: $? = 1
configure: failed program was:
#line 4915 "configure"
#include "confdefs.h"
#include <stdarg.h>
#include <stdio.h>
#include <sys/types.h>
#include <sys/stat.h>
/* Most of the following tests are stolen from RCS 5.7's src/conf.sh.  */
struct buf { int x; };
FILE * (*rcsopen) (struct buf *, struct stat *, int);
static char *e (p, i)
     char **p;
     int i;
{
  return p[i];
}
static char *f (char * (*g) (char **, int), char **p, ...)
{
  char *s;
  va_list v;
  va_start (v,p);
  s = g (p, va_arg (v,int));
  va_end (v);
  return s;
}
int test (int i, double x);
struct s1 {int (*f) (int a);};
struct s2 {int (*f) (double a);};
int pairnames (int, char **, FILE *(*)(struct buf *, struct stat *, int), int, int);
int argc;
char **argv;
int
main ()
{
return f (e, argv, 0) != argv[0]  ||  f (e, argv, 1) != argv[1];
  ;
  return 0;
}
configure:4964: g++ -c -g -O2  conftest.cc >&5
configure:4923: error: `p' was not declared in this scope
configure:4923: error: `i' was not declared in this scope
configure:4924: error: initializer list being treated as compound expression
configure:4924: error: syntax error before `char'
configure:4926: error: parse error before `{' token
configure: In function `int main()':
configure:4947: error: cannot convert `char*' to `char*(*)(char**, int)' for 
   argument `1' to `char* f(char*(*)(char**, int), char**, ...)'
configure:4947: error: cannot convert `char*' to `char*(*)(char**, int)' for 
   argument `1' to `char* f(char*(*)(char**, int), char**, ...)'
configure:4967: $? = 1
configure: failed program was:
#line 4915 "configure"
#include "confdefs.h"
#include <stdarg.h>
#include <stdio.h>
#include <sys/types.h>
#include <sys/stat.h>
/* Most of the following tests are stolen from RCS 5.7's src/conf.sh.  */
struct buf { int x; };
FILE * (*rcsopen) (struct buf *, struct stat *, int);
static char *e (p, i)
     char **p;
     int i;
{
  return p[i];
}
static char *f (char * (*g) (char **, int), char **p, ...)
{
  char *s;
  va_list v;
  va_start (v,p);
  s = g (p, va_arg (v,int));
  va_end (v);
  return s;
}
int test (int i, double x);
struct s1 {int (*f) (int a);};
struct s2 {int (*f) (double a);};
int pairnames (int, char **, FILE *(*)(struct buf *, struct stat *, int), int, int);
int argc;
char **argv;
int
main ()
{
return f (e, argv, 0) != argv[0]  ||  f (e, argv, 1) != argv[1];
  ;
  return 0;
}
configure:4964: g++ -c -g -O2  conftest.cc >&5
configure:4923: error: `p' was not declared in this scope
configure:4923: error: `i' was not declared in this scope
configure:4924: error: initializer list being treated as compound expression
configure:4924: error: syntax error before `char'
configure:4926: error: parse error before `{' token
configure: In function `int main()':
configure:4947: error: cannot convert `char*' to `char*(*)(char**, int)' for 
   argument `1' to `char* f(char*(*)(char**, int), char**, ...)'
configure:4947: error: cannot convert `char*' to `char*(*)(char**, int)' for 
   argument `1' to `char* f(char*(*)(char**, int), char**, ...)'
configure:4967: $? = 1
configure: failed program was:
#line 4915 "configure"
#include "confdefs.h"
#include <stdarg.h>
#include <stdio.h>
#include <sys/types.h>
#include <sys/stat.h>
/* Most of the following tests are stolen from RCS 5.7's src/conf.sh.  */
struct buf { int x; };
FILE * (*rcsopen) (struct buf *, struct stat *, int);
static char *e (p, i)
     char **p;
     int i;
{
  return p[i];
}
static char *f (char * (*g) (char **, int), char **p, ...)
{
  char *s;
  va_list v;
  va_start (v,p);
  s = g (p, va_arg (v,int));
  va_end (v);
  return s;
}
int test (int i, double x);
struct s1 {int (*f) (int a);};
struct s2 {int (*f) (double a);};
int pairnames (int, char **, FILE *(*)(struct buf *, struct stat *, int), int, int);
int argc;
char **argv;
int
main ()
{
return f (e, argv, 0) != argv[0]  ||  f (e, argv, 1) != argv[1];
  ;
  return 0;
}
configure:4964: g++ -c -g -O2  conftest.cc >&5
configure:4923: error: `p' was not declared in this scope
configure:4923: error: `i' was not declared in this scope
configure:4924: error: initializer list being treated as compound expression
configure:4924: error: syntax error before `char'
configure:4926: error: parse error before `{' token
configure: In function `int main()':
configure:4947: error: cannot convert `char*' to `char*(*)(char**, int)' for 
   argument `1' to `char* f(char*(*)(char**, int), char**, ...)'
configure:4947: error: cannot convert `char*' to `char*(*)(char**, int)' for 
   argument `1' to `char* f(char*(*)(char**, int), char**, ...)'
configure:4967: $? = 1
configure: failed program was:
#line 4915 "configure"
#include "confdefs.h"
#include <stdarg.h>
#include <stdio.h>
#include <sys/types.h>
#include <sys/stat.h>
/* Most of the following tests are stolen from RCS 5.7's src/conf.sh.  */
struct buf { int x; };
FILE * (*rcsopen) (struct buf *, struct stat *, int);
static char *e (p, i)
     char **p;
     int i;
{
  return p[i];
}
static char *f (char * (*g) (char **, int), char **p, ...)
{
  char *s;
  va_list v;
  va_start (v,p);
  s = g (p, va_arg (v,int));
  va_end (v);
  return s;
}
int test (int i, double x);
struct s1 {int (*f) (int a);};
struct s2 {int (*f) (double a);};
int pairnames (int, char **, FILE *(*)(struct buf *, struct stat *, int), int, int);
int argc;
char **argv;
int
main ()
{
return f (e, argv, 0) != argv[0]  ||  f (e, argv, 1) != argv[1];
  ;
  return 0;
}
configure:4990: result: none needed
configure:4998: checking for an ANSI C-conforming const
configure:5062: g++ -c -g -O2  conftest.cc >&5
configure:5065: $? = 0
configure:5068: test -s conftest.o
configure:5071: $? = 0
configure:5081: result: yes
configure:5091: checking for inline
configure:5108: g++ -c -g -O2  conftest.cc >&5
configure:5111: $? = 0
configure:5114: test -s conftest.o
configure:5117: $? = 0
configure:5128: result: inline
configure:5143: checking for type bool
configure:5158: g++ -c -g -O2  conftest.cc >&5
configure:5161: $? = 0
configure:5164: test -s conftest.o
configure:5167: $? = 0
configure:5169: result: yes
configure:5185: checking for working alloca.h
configure:5203: g++ -o conftest -g -O2   conftest.cc -lm  >&5
configure:5206: $? = 0
configure:5209: test -s conftest
configure:5212: $? = 0
configure:5222: result: yes
configure:5232: checking for alloca
configure:5270: g++ -o conftest -g -O2   conftest.cc -lm  >&5
configure:5240:1: warning: "alloca" redefined
In file included from /usr/include/stdlib.h:578,
                 from confdefs.h:3,
                 from configure:5238:
/usr/include/alloca.h:36:1: warning: this is the location of the previous definition
configure:5273: $? = 0
configure:5276: test -s conftest
configure:5279: $? = 0
configure:5289: result: yes
configure:5473: checking for rint
configure:5510: g++ -o conftest -g -O2   conftest.cc -lm  >&5
configure:5513: $? = 0
configure:5516: test -s conftest
configure:5519: $? = 0
configure:5529: result: yes
configure:5473: checking for getrusage
configure:5510: g++ -o conftest -g -O2   conftest.cc -lm  >&5
configure:5513: $? = 0
configure:5516: test -s conftest
configure:5519: $? = 0
configure:5529: result: yes
configure:5473: checking for times
configure:5510: g++ -o conftest -g -O2   conftest.cc -lm  >&5
configure:5513: $? = 0
configure:5516: test -s conftest
configure:5519: $? = 0
configure:5529: result: yes
configure:5473: checking for random
configure:5510: g++ -o conftest -g -O2   conftest.cc -lm  >&5
configure:5489: error: declaration of C function `char random()' conflicts with
/usr/include/stdlib.h:423: error: previous declaration `long int random()' here
configure:5513: $? = 1
configure: failed program was:
#line 5479 "configure"
#include "confdefs.h"
/* System header to define __stub macros and hopefully few prototypes,
    which can conflict with char random (); below.  */
#include <assert.h>
/* Override any gcc2 internal prototype to avoid an error.  */
#ifdef __cplusplus
extern "C"
#endif
/* We use char because int might match the return type of a gcc2
   builtin and then its argument prototype would still apply.  */
char random ();
char (*f) ();

int
main ()
{
/* The GNU C library defines this for functions which it implements
    to always fail with ENOSYS.  Some functions are actually named
    something starting with __ and the normal name is an alias.  */
#if defined (__stub_random) || defined (__stub___random)
choke me
#else
f = random;
#endif

  ;
  return 0;
}
configure:5529: result: no
configure:5473: checking for getopt
configure:5510: g++ -o conftest -g -O2   conftest.cc -lm  >&5
configure:5513: $? = 0
configure:5516: test -s conftest
configure:5519: $? = 0
configure:5529: result: yes
configure:5473: checking for getopt_long
configure:5510: g++ -o conftest -g -O2   conftest.cc -lm  >&5
configure:5513: $? = 0
configure:5516: test -s conftest
configure:5519: $? = 0
configure:5529: result: yes
configure:5626: creating ./config.status

## ----------------------- ##
## Running config.status.  ##
## ----------------------- ##

This file was extended by config.status 2.52, executed with
  CONFIG_FILES    = 
  CONFIG_HEADERS  = 
  CONFIG_LINKS    = 
  CONFIG_COMMANDS = 
  > ./config.status 
on nomad

config.status:6072: creating gfx-config
config.status:6163: creating include/gfx/config.h

## ----------------- ##
## Cache variables.  ##
## ----------------- ##

ac_cv_c_compiler_gnu=yes
ac_cv_c_const=yes
ac_cv_c_inline=inline
ac_cv_cxx_compiler_gnu=yes
ac_cv_env_CC_set=
ac_cv_env_CC_value=
ac_cv_env_CFLAGS_set=
ac_cv_env_CFLAGS_value=
ac_cv_env_CPPFLAGS_set=
ac_cv_env_CPPFLAGS_value=
ac_cv_env_CPP_set=
ac_cv_env_CPP_value=
ac_cv_env_CXXCPP_set=
ac_cv_env_CXXCPP_value=
ac_cv_env_CXXFLAGS_set=
ac_cv_env_CXXFLAGS_value=
ac_cv_env_CXX_set=
ac_cv_env_CXX_value=
ac_cv_env_LDFLAGS_set=
ac_cv_env_LDFLAGS_value=
ac_cv_env_build_alias_set=
ac_cv_env_build_alias_value=
ac_cv_env_host_alias_set=
ac_cv_env_host_alias_value=
ac_cv_env_target_alias_set=
ac_cv_env_target_alias_value=
ac_cv_func_alloca_works=yes
ac_cv_func_connect=yes
ac_cv_func_gethostbyname=yes
ac_cv_func_getopt=yes
ac_cv_func_getopt_long=yes
ac_cv_func_getrusage=yes
ac_cv_func_glPolygonOffset=yes
ac_cv_func_glPolygonOffsetEXT=yes
ac_cv_func_random=no
ac_cv_func_remove=yes
ac_cv_func_rint=yes
ac_cv_func_shmat=yes
ac_cv_func_times=yes
ac_cv_have_x='have_x=yes 		ac_x_includes=/usr/X11R6/include ac_x_libraries=/usr/X11R6/lib'
ac_cv_header_GL_glext_h=yes
ac_cv_header_GL_glxext_h=no
ac_cv_header_GL_wglext_h=no
ac_cv_header_hash_map=no
ac_cv_header_limits_h=yes
ac_cv_header_sstream=yes
ac_cv_header_stdc=yes
ac_cv_header_strstream=yes
ac_cv_header_unistd_h=yes
ac_cv_header_valarray=yes
ac_cv_lib_GL_glBegin=yes
ac_cv_lib_ICE_IceConnectionNumber=yes
ac_cv_lib_jpeg_jpeg_start_compress=yes
ac_cv_lib_m_sqrt=yes
ac_cv_lib_png_png_read_image=yes
ac_cv_lib_tiff_TIFFOpen=yes
ac_cv_lib_z_zlibVersion=yes
ac_cv_objext=o
ac_cv_path_RM=/bin/rm
ac_cv_prog_CPP='gcc -E'
ac_cv_prog_CXXCPP='g++ -E'
ac_cv_prog_FLTKCONFIG=:
ac_cv_prog_ac_ct_CC=gcc
ac_cv_prog_ac_ct_CXX=g++
ac_cv_prog_ac_ct_RANLIB=ranlib
ac_cv_prog_cc_g=yes
ac_cv_prog_cc_stdc=no
ac_cv_prog_cxx_g=yes
ac_cv_working_alloca_h=yes

## ------------ ##
## confdefs.h.  ##
## ------------ ##

#ifdef __cplusplus
#include <stdlib.h>
#endif
#define HAVE_LIBM 1
#define HAVE_LIBZ 1
#define HAVE_LIBJPEG 1
#define HAVE_LIBTIFF 1
#define HAVE_LIBPNG 1
#define HAVE_OPENGL "OpenGL"
#define HAVE_POLYOFFSET 1
#define HAVE_POLYOFFSET_EXT 1
#define STDC_HEADERS 1
#define HAVE_LIMITS_H 1
#define HAVE_UNISTD_H 1
#define HAVE_GL_GLEXT_H 1
#define HAVE_VALARRAY 1
#define HAVE_SSTREAM 1
#define HAVE_STRSTREAM 1
#define HAVE_BOOL 1
#define HAVE_ALLOCA_H 1
#define HAVE_ALLOCA 1
#define HAVE_RINT 1
#define HAVE_GETRUSAGE 1
#define HAVE_TIMES 1
#define HAVE_GETOPT 1
#define HAVE_GETOPT_LONG 1


configure: exit 0
